<?xml version="1.0" encoding="UTF-8"?>
<!-- Generated by org.testng.reporters.JUnitReportReporter -->
<testsuite hostname="Ranjeet-MacBook-Pro.local" failures="0" tests="1" name="Com.Ecommerce.TestCases.TC_NewRegistration" time="20.638" errors="0" timestamp="2024-03-18T21:01:22 IST" skipped="0">
  <testcase classname="Com.Ecommerce.TestCases.TC_NewRegistration" name="Registration" time="20.638"/>
  <system-out/>
</testsuite> <!-- Com.Ecommerce.TestCases.TC_NewRegistration -->
